2011-1-31
open sse4j project

--------------------------------------------------------------

2011-4-8
support http interface
add HotMapper class and roadMatch function
add sse4j.exe project
deploy v1.0

--------------------------------------------------------------

2011-4-12
complete HotMapper class
HotMapper createHotmap(int zoom, int x, int y, String keyword) return Javascript and Image Path

sse4j.http add HotTile servlet class
HotTile support client overlap tiles dynamically

--------------------------------------------------------------

2011-4-22
update third jar libraries to the lastest version
update some function under sse4j project by newest jar libraries 
support FlexDemo under Demo dir

--------------------------------------------------------------

2011-6-30
update poi index data
update WSBuilder class
add org.sse.symbiote package solution(base framework sdk to crawl deep poi)
deploy v1.1

--------------------------------------------------------------

2011-7-28
sse4j.ws support javascript client api(visit and resolve webservice interface)

--------------------------------------------------------------

2011-9-1
update third jar libraries to the lastest version
change Spatial Index in poi search(use kdtree)
update IdxReader/SQuery... classes
deploy v1.2

--------------------------------------------------------------

2011-9-30
update third jar libraries to the lastest version
*** combine double indexes(lucene and spatial index) to single index ***
*** change data structure to support single index ***
update NaviConfig/IdxParser/SQuery... classes to support single index
deploy v1.5 [v1.3/v1.4 skipped]

--------------------------------------------------------------

2012-6-13
change to maven project
fixed bug in org.sse.map.HotMapper

--------------------------------------------------------------

2012-6-25
update sse4j.http to support gzip=false
deploy v1.6.0

--------------------------------------------------------------

2012-7-26
change org.sse.io.IdxReader to support multi searcher
delete kdtree in org.sse.squery.STree

--------------------------------------------------------------
