2011-1-31
open sse4j project

--------------------------------------------------------------

2011-4-8
support http interface
add HotMapper class and roadMatch function
add sse4j.exe project
deploy v1.0

--------------------------------------------------------------

2011-4-12
complete HotMapper class
HotMapper createHotmap(int zoom, int x, int y, String keyword) return Javascript and Image Path

sse4j.http add HotTile servlet class
HotTile support client overlap tiles dynamically

--------------------------------------------------------------

2011-4-22
update third jar libraries to the lastest version
update some function under sse4j project by newest jar libraries 
support FlexDemo under Demo dir

--------------------------------------------------------------

2011-6-30
update poi index data
update WSBuilder class
add org.sse.symbiote package solution(base framework sdk to crawl deep poi)
deploy v1.1

--------------------------------------------------------------

2011-7-28
sse4j.ws support javascript client api(visit and resolve webservice interface)

--------------------------------------------------------------

2011-9-1
update third jar libraries to the lastest version
change Spatial Index in poi search(use kdtree)
update IdxReader/SQuery .. classes
deploy v1.2

--------------------------------------------------------------